<?xml version="1.0" encoding="UTF-8"?>
<testng-results ignored="0" total="5" passed="5" failed="0" skipped="0">
  <reporter-output>
  </reporter-output>
  <suite started-at="2023-08-25T13:26:50Z" name="Suite" finished-at="2023-08-25T13:26:52Z" duration-ms="1449">
    <groups>
    </groups>
    <test started-at="2023-08-25T13:26:50Z" name="Test" finished-at="2023-08-25T13:26:52Z" duration-ms="1449">
      <class name="org.testing.testScripts.TC2_GetAllRequest">
        <test-method signature="testcase2()[pri:0, instance:org.testing.testScripts.TC2_GetAllRequest@7f485fda]" started-at="2023-08-25T18:56:51Z" name="testcase2" finished-at="2023-08-25T18:56:51Z" duration-ms="112" status="PASS">
          <reporter-output>
          </reporter-output>
        </test-method> <!-- testcase2 -->
      </class> <!-- org.testing.testScripts.TC2_GetAllRequest -->
      <class name="org.testing.testScripts.TC5_DeleteRequest">
        <test-method signature="testCase5()[pri:0, instance:org.testing.testScripts.TC5_DeleteRequest@8519cb4]" started-at="2023-08-25T18:56:52Z" name="testCase5" finished-at="2023-08-25T18:56:52Z" duration-ms="23" status="PASS">
          <reporter-output>
          </reporter-output>
        </test-method> <!-- testCase5 -->
      </class> <!-- org.testing.testScripts.TC5_DeleteRequest -->
      <class name="org.testing.testScripts.TC1_PostRequest">
        <test-method signature="testcase1()[pri:0, instance:org.testing.testScripts.TC1_PostRequest@15043a2f]" started-at="2023-08-25T18:56:50Z" name="testcase1" finished-at="2023-08-25T18:56:51Z" duration-ms="1168" status="PASS">
          <reporter-output>
          </reporter-output>
        </test-method> <!-- testcase1 -->
      </class> <!-- org.testing.testScripts.TC1_PostRequest -->
      <class name="org.testing.testScripts.TC3_GetParticularRequest">
        <test-method signature="testcase3()[pri:0, instance:org.testing.testScripts.TC3_GetParticularRequest@28261e8e]" started-at="2023-08-25T18:56:51Z" name="testcase3" finished-at="2023-08-25T18:56:51Z" duration-ms="61" status="PASS">
          <reporter-output>
          </reporter-output>
        </test-method> <!-- testcase3 -->
      </class> <!-- org.testing.testScripts.TC3_GetParticularRequest -->
      <class name="org.testing.testScripts.TC4_PutRequest">
        <test-method signature="testCase4()[pri:0, instance:org.testing.testScripts.TC4_PutRequest@d737b89]" started-at="2023-08-25T18:56:51Z" name="testCase4" finished-at="2023-08-25T18:56:52Z" duration-ms="53" status="PASS">
          <reporter-output>
          </reporter-output>
        </test-method> <!-- testCase4 -->
      </class> <!-- org.testing.testScripts.TC4_PutRequest -->
    </test> <!-- Test -->
  </suite> <!-- Suite -->
</testng-results>
