<?xml version="1.0" encoding="UTF-8"?>
<!-- Generated by org.testng.reporters.JUnitXMLReporter -->
<testsuite ignored="0" hostname="Rupan" failures="0" tests="5" name="Test" time="1.449" errors="0" timestamp="25 Aug. 2023 13:26:52 GMT">
  <testcase classname="org.testing.testScripts.TC1_PostRequest" name="testcase1" time="1.168"/>
  <testcase classname="org.testing.testScripts.TC2_GetAllRequest" name="testcase2" time="0.112"/>
  <testcase classname="org.testing.testScripts.TC3_GetParticularRequest" name="testcase3" time="0.061"/>
  <testcase classname="org.testing.testScripts.TC4_PutRequest" name="testCase4" time="0.053"/>
  <testcase classname="org.testing.testScripts.TC5_DeleteRequest" name="testCase5" time="0.023"/>
</testsuite> <!-- Test -->
